<?xml version="1.0" encoding="UTF-8"?>
<!-- Generated by org.testng.reporters.JUnitReportReporter -->
<testsuite skipped="0" hostname="DESKTOP-AP99NFS" name="E2E_Framework.ExcelLoginTest" tests="1" failures="0" timestamp="2020-04-04T22:37:38 PDT" time="11.391" errors="0">
  <testcase name="login" time="11.391" classname="E2E_Framework.ExcelLoginTest"/>
</testsuite> <!-- E2E_Framework.ExcelLoginTest -->
