<?xml version="1.0" encoding="UTF-8"?>
<!-- Generated by org.testng.reporters.JUnitReportReporter -->
<testsuite skipped="0" hostname="DESKTOP-AP99NFS" name="runner.Runner" tests="1" failures="0" timestamp="2020-04-06T21:27:58 PDT" time="29.298" errors="0">
  <testcase name="feature" time="29.298" classname="runner.Runner"/>
</testsuite> <!-- runner.Runner -->
