<?xml version="1.0" encoding="UTF-8"?>
<!-- Generated by org.testng.reporters.JUnitReportReporter -->
<testsuite skipped="0" hostname="DESKTOP-AP99NFS" name="E2E_Framework.LoginTest" tests="1" failures="0" timestamp="07 Apr 2020 04:51:13 GMT" time="13.824" errors="0">
  <testcase name="login" time="13.824" classname="E2E_Framework.LoginTest"/>
</testsuite> <!-- E2E_Framework.LoginTest -->
