<?xml version="1.0" encoding="UTF-8"?>
<!-- Generated by org.testng.reporters.JUnitReportReporter -->
<testsuite skipped="0" hostname="DESKTOP-AP99NFS" name="runner.Runner" tests="1" failures="0" timestamp="07 Apr 2020 04:52:12 GMT" time="26.460" errors="0">
  <testcase name="feature" time="26.460" classname="runner.Runner"/>
</testsuite> <!-- runner.Runner -->
