<?xml version="1.0" encoding="UTF-8"?>
<!-- Generated by org.testng.reporters.JUnitReportReporter -->
<testsuite skipped="0" hostname="DESKTOP-AP99NFS" name="E2E_Framework.SignOutTest" tests="1" failures="0" timestamp="07 Apr 2020 04:51:13 GMT" time="37.204" errors="0">
  <testcase name="signout" time="37.204" classname="E2E_Framework.SignOutTest"/>
</testsuite> <!-- E2E_Framework.SignOutTest -->
