<?xml version="1.0" encoding="UTF-8"?>
<!-- Generated by org.testng.reporters.JUnitReportReporter -->
<testsuite skipped="0" hostname="DESKTOP-AP99NFS" name="E2E_Framework.ExcelLoginTest" tests="1" failures="0" timestamp="07 Apr 2020 04:51:13 GMT" time="40.255" errors="0">
  <testcase name="login" time="40.255" classname="E2E_Framework.ExcelLoginTest"/>
</testsuite> <!-- E2E_Framework.ExcelLoginTest -->
